# JRE version: OpenJDK Runtime Environment (8.0) (build 1.8.0-25-microsoft-b00)
# Java VM: OpenJDK 64-Bit Server VM (25.71-b00 mixed mode windows-amd64 compressed oops)
Heap:
 PSYoungGen      total 208384K, used 166853K [0x00000000eab00000, 0x0000000100000000, 0x0000000100000000)
  eden space 147456K, 100% used [0x00000000eab00000,0x00000000f3b00000,0x00000000f3b00000)
  from space 60928K, 31% used [0x00000000fc480000,0x00000000fd771798,0x0000000100000000)
  to   space 100864K, 32% used [0x00000000f3b00000,0x00000000f5ac3890,0x00000000f9d80000)
 ParOldGen       total 324096K, used 179312K [0x00000000c0000000, 0x00000000d3c80000, 0x00000000eab00000)
  object space 324096K, 55% used [0x00000000c0000000,0x00000000caf1c030,0x00000000d3c80000)
 Metaspace       used 6713K, capacity 7350K, committed 7552K, reserved 1056768K
  class space    used 609K, capacity 622K, committed 640K, reserved 1048576K
GC Heap History (10 events):
Event: 2.286 GC heap after
Heap after GC invocations=5 (full 0):
 PSYoungGen      total 272896K, used 10752K [0x00000000eab00000, 0x0000000100000000, 0x0000000100000000)
  eden space 262144K, 0% used [0x00000000eab00000,0x00000000eab00000,0x00000000fab00000)
  from space 10752K, 100% used [0x00000000fab00000,0x00000000fb580000,0x00000000fb580000)
  to   space 53248K, 0% used [0x00000000fcc00000,0x00000000fcc00000,0x0000000100000000)
 ParOldGen       total 175104K, used 87312K [0x00000000c0000000, 0x00000000cab00000, 0x00000000eab00000)
  object space 175104K, 49% used [0x00000000c0000000,0x00000000c5544198,0x00000000cab00000)
 Metaspace       used 6683K, capacity 7350K, committed 7552K, reserved 1056768K
  class space    used 609K, capacity 622K, committed 640K, reserved 1048576K
}
Event: 2.788 GC heap before
{Heap before GC invocations=6 (full 0):
 PSYoungGen      total 272896K, used 272896K [0x00000000eab00000, 0x0000000100000000, 0x0000000100000000)
  eden space 262144K, 100% used [0x00000000eab00000,0x00000000fab00000,0x00000000fab00000)
  from space 10752K, 100% used [0x00000000fab00000,0x00000000fb580000,0x00000000fb580000)
  to   space 53248K, 0% used [0x00000000fcc00000,0x00000000fcc00000,0x0000000100000000)
 ParOldGen       total 175104K, used 87312K [0x00000000c0000000, 0x00000000cab00000, 0x00000000eab00000)
  object space 175104K, 49% used [0x00000000c0000000,0x00000000c5544198,0x00000000cab00000)
 Metaspace       used 6692K, capacity 7350K, committed 7552K, reserved 1056768K
  class space    used 609K, capacity 622K, committed 640K, reserved 1048576K
Event: 2.857 GC heap after
Heap after GC invocations=6 (full 0):
 PSYoungGen      total 280576K, used 49337K [0x00000000eab00000, 0x0000000100000000, 0x0000000100000000)
  eden space 227328K, 0% used [0x00000000eab00000,0x00000000eab00000,0x00000000f8900000)
  from space 53248K, 92% used [0x00000000fcc00000,0x00000000ffc2e478,0x0000000100000000)
  to   space 60928K, 0% used [0x00000000f8900000,0x00000000f8900000,0x00000000fc480000)
 ParOldGen       total 175104K, used 87312K [0x00000000c0000000, 0x00000000cab00000, 0x00000000eab00000)
  object space 175104K, 49% used [0x00000000c0000000,0x00000000c5544198,0x00000000cab00000)
 Metaspace       used 6692K, capacity 7350K, committed 7552K, reserved 1056768K
  class space    used 609K, capacity 622K, committed 640K, reserved 1048576K
}
Event: 3.256 GC heap before
{Heap before GC invocations=7 (full 0):
 PSYoungGen      total 280576K, used 276665K [0x00000000eab00000, 0x0000000100000000, 0x0000000100000000)
  eden space 227328K, 100% used [0x00000000eab00000,0x00000000f8900000,0x00000000f8900000)
  from space 53248K, 92% used [0x00000000fcc00000,0x00000000ffc2e478,0x0000000100000000)
  to   space 60928K, 0% used [0x00000000f8900000,0x00000000f8900000,0x00000000fc480000)
 ParOldGen       total 175104K, used 87312K [0x00000000c0000000, 0x00000000cab00000, 0x00000000eab00000)
  object space 175104K, 49% used [0x00000000c0000000,0x00000000c5544198,0x00000000cab00000)
 Metaspace       used 6695K, capacity 7350K, committed 7552K, reserved 1056768K
  class space    used 609K, capacity 622K, committed 640K, reserved 1048576K
Event: 3.340 GC heap after
Heap after GC invocations=7 (full 0):
 PSYoungGen      total 288256K, used 60896K [0x00000000eab00000, 0x0000000100000000, 0x0000000100000000)
  eden space 227328K, 0% used [0x00000000eab00000,0x00000000eab00000,0x00000000f8900000)
  from space 60928K, 99% used [0x00000000f8900000,0x00000000fc478020,0x00000000fc480000)
  to   space 60928K, 0% used [0x00000000fc480000,0x00000000fc480000,0x0000000100000000)
 ParOldGen       total 175104K, used 107974K [0x00000000c0000000, 0x00000000cab00000, 0x00000000eab00000)
  object space 175104K, 61% used [0x00000000c0000000,0x00000000c6971b90,0x00000000cab00000)
 Metaspace       used 6695K, capacity 7350K, committed 7552K, reserved 1056768K
  class space    used 609K, capacity 622K, committed 640K, reserved 1048576K
}
Event: 3.734 GC heap before
{Heap before GC invocations=8 (full 0):
 PSYoungGen      total 288256K, used 288224K [0x00000000eab00000, 0x0000000100000000, 0x0000000100000000)
  eden space 227328K, 100% used [0x00000000eab00000,0x00000000f8900000,0x00000000f8900000)
  from space 60928K, 99% used [0x00000000f8900000,0x00000000fc478020,0x00000000fc480000)
  to   space 60928K, 0% used [0x00000000fc480000,0x00000000fc480000,0x0000000100000000)
 ParOldGen       total 175104K, used 107974K [0x00000000c0000000, 0x00000000cab00000, 0x00000000eab00000)
  object space 175104K, 61% used [0x00000000c0000000,0x00000000c6971b90,0x00000000cab00000)
 Metaspace       used 6702K, capacity 7350K, committed 7552K, reserved 1056768K
  class space    used 609K, capacity 622K, committed 640K, reserved 1048576K
Event: 3.841 GC heap after
Heap after GC invocations=8 (full 0):
 PSYoungGen      total 208384K, used 60924K [0x00000000eab00000, 0x0000000100000000, 0x0000000100000000)
  eden space 147456K, 0% used [0x00000000eab00000,0x00000000eab00000,0x00000000f3b00000)
  from space 60928K, 99% used [0x00000000fc480000,0x00000000fffff068,0x0000000100000000)
  to   space 100864K, 0% used [0x00000000f3b00000,0x00000000f3b00000,0x00000000f9d80000)
 ParOldGen       total 175104K, used 140692K [0x00000000c0000000, 0x00000000cab00000, 0x00000000eab00000)
  object space 175104K, 80% used [0x00000000c0000000,0x00000000c8965010,0x00000000cab00000)
 Metaspace       used 6702K, capacity 7350K, committed 7552K, reserved 1056768K
  class space    used 609K, capacity 622K, committed 640K, reserved 1048576K
}
Event: 3.841 GC heap before
{Heap before GC invocations=9 (full 1):
 PSYoungGen      total 208384K, used 60924K [0x00000000eab00000, 0x0000000100000000, 0x0000000100000000)
  eden space 147456K, 0% used [0x00000000eab00000,0x00000000eab00000,0x00000000f3b00000)
  from space 60928K, 99% used [0x00000000fc480000,0x00000000fffff068,0x0000000100000000)
  to   space 100864K, 0% used [0x00000000f3b00000,0x00000000f3b00000,0x00000000f9d80000)
 ParOldGen       total 175104K, used 140692K [0x00000000c0000000, 0x00000000cab00000, 0x00000000eab00000)
  object space 175104K, 80% used [0x00000000c0000000,0x00000000c8965010,0x00000000cab00000)
 Metaspace       used 6702K, capacity 7350K, committed 7552K, reserved 1056768K
  class space    used 609K, capacity 622K, committed 640K, reserved 1048576K
Event: 4.814 GC heap after
Heap after GC invocations=9 (full 1):
 PSYoungGen      total 208384K, used 19397K [0x00000000eab00000, 0x0000000100000000, 0x0000000100000000)
  eden space 147456K, 0% used [0x00000000eab00000,0x00000000eab00000,0x00000000f3b00000)
  from space 60928K, 31% used [0x00000000fc480000,0x00000000fd771798,0x0000000100000000)
  to   space 100864K, 0% used [0x00000000f3b00000,0x00000000f3b00000,0x00000000f9d80000)
 ParOldGen       total 324096K, used 175024K [0x00000000c0000000, 0x00000000d3c80000, 0x00000000eab00000)
  object space 324096K, 54% used [0x00000000c0000000,0x00000000caaec030,0x00000000d3c80000)
 Metaspace       used 6702K, capacity 7350K, committed 7552K, reserved 1056768K
  class space    used 609K, capacity 622K, committed 640K, reserved 1048576K
}
Event: 5.065 GC heap before
{Heap before GC invocations=10 (full 1):
 PSYoungGen      total 208384K, used 166853K [0x00000000eab00000, 0x0000000100000000, 0x0000000100000000)
  eden space 147456K, 100% used [0x00000000eab00000,0x00000000f3b00000,0x00000000f3b00000)
  from space 60928K, 31% used [0x00000000fc480000,0x00000000fd771798,0x0000000100000000)
  to   space 100864K, 0% used [0x00000000f3b00000,0x00000000f3b00000,0x00000000f9d80000)
 ParOldGen       total 324096K, used 175024K [0x00000000c0000000, 0x00000000d3c80000, 0x00000000eab00000)
  object space 324096K, 54% used [0x00000000c0000000,0x00000000caaec030,0x00000000d3c80000)
 Metaspace       used 6713K, capacity 7350K, committed 7552K, reserved 1056768K
  class space    used 609K, capacity 622K, committed 640K, reserved 1048576K

