# JRE version: OpenJDK Runtime Environment (8.0) (build 1.8.0-25-microsoft-b00)
# Java VM: OpenJDK 64-Bit Server VM (25.71-b00 mixed mode windows-amd64 compressed oops)
Heap:
 PSYoungGen      total 220160K, used 187576K [0x00000000eab00000, 0x0000000100000000, 0x0000000100000000)
  eden space 116736K, 74% used [0x00000000eab00000,0x00000000f0025fa0,0x00000000f1d00000)
  from space 103424K, 97% used [0x00000000f9b00000,0x00000000ffd08388,0x0000000100000000)
  to   space 116224K, 0% used [0x00000000f1d00000,0x00000000f1d00000,0x00000000f8e80000)
 ParOldGen       total 321536K, used 177697K [0x00000000c0000000, 0x00000000d3a00000, 0x00000000eab00000)
  object space 321536K, 55% used [0x00000000c0000000,0x00000000cad88578,0x00000000d3a00000)
 Metaspace       used 7057K, capacity 7672K, committed 7936K, reserved 1056768K
  class space    used 627K, capacity 688K, committed 768K, reserved 1048576K
GC Heap History (10 events):
Event: 3.806 GC heap before
{Heap before GC invocations=9 (full 1):
 PSYoungGen      total 207872K, used 61408K [0x00000000eab00000, 0x0000000100000000, 0x0000000100000000)
  eden space 146432K, 0% used [0x00000000eab00000,0x00000000eab00000,0x00000000f3a00000)
  from space 61440K, 99% used [0x00000000fc400000,0x00000000ffff8010,0x0000000100000000)
  to   space 101376K, 0% used [0x00000000f3a00000,0x00000000f3a00000,0x00000000f9d00000)
 ParOldGen       total 175104K, used 139672K [0x00000000c0000000, 0x00000000cab00000, 0x00000000eab00000)
  object space 175104K, 79% used [0x00000000c0000000,0x00000000c8866308,0x00000000cab00000)
 Metaspace       used 6697K, capacity 7350K, committed 7552K, reserved 1056768K
  class space    used 610K, capacity 622K, committed 640K, reserved 1048576K
Event: 4.527 GC heap after
Heap after GC invocations=9 (full 1):
 PSYoungGen      total 207872K, used 19385K [0x00000000eab00000, 0x0000000100000000, 0x0000000100000000)
  eden space 146432K, 0% used [0x00000000eab00000,0x00000000eab00000,0x00000000f3a00000)
  from space 61440K, 31% used [0x00000000fc400000,0x00000000fd6ee508,0x0000000100000000)
  to   space 101376K, 0% used [0x00000000f3a00000,0x00000000f3a00000,0x00000000f9d00000)
 ParOldGen       total 321536K, used 174849K [0x00000000c0000000, 0x00000000d3a00000, 0x00000000eab00000)
  object space 321536K, 54% used [0x00000000c0000000,0x00000000caac0578,0x00000000d3a00000)
 Metaspace       used 6697K, capacity 7350K, committed 7552K, reserved 1056768K
  class space    used 610K, capacity 622K, committed 640K, reserved 1048576K
}
Event: 4.795 GC heap before
{Heap before GC invocations=10 (full 1):
 PSYoungGen      total 207872K, used 165817K [0x00000000eab00000, 0x0000000100000000, 0x0000000100000000)
  eden space 146432K, 100% used [0x00000000eab00000,0x00000000f3a00000,0x00000000f3a00000)
  from space 61440K, 31% used [0x00000000fc400000,0x00000000fd6ee508,0x0000000100000000)
  to   space 101376K, 0% used [0x00000000f3a00000,0x00000000f3a00000,0x00000000f9d00000)
 ParOldGen       total 321536K, used 174849K [0x00000000c0000000, 0x00000000d3a00000, 0x00000000eab00000)
  object space 321536K, 54% used [0x00000000c0000000,0x00000000caac0578,0x00000000d3a00000)
 Metaspace       used 6698K, capacity 7350K, committed 7552K, reserved 1056768K
  class space    used 610K, capacity 622K, committed 640K, reserved 1048576K
Event: 4.859 GC heap after
Heap after GC invocations=10 (full 1):
 PSYoungGen      total 247808K, used 37975K [0x00000000eab00000, 0x0000000100000000, 0x0000000100000000)
  eden space 146432K, 0% used [0x00000000eab00000,0x00000000eab00000,0x00000000f3a00000)
  from space 101376K, 37% used [0x00000000f3a00000,0x00000000f5f15f70,0x00000000f9d00000)
  to   space 96256K, 0% used [0x00000000fa200000,0x00000000fa200000,0x0000000100000000)
 ParOldGen       total 321536K, used 177697K [0x00000000c0000000, 0x00000000d3a00000, 0x00000000eab00000)
  object space 321536K, 55% used [0x00000000c0000000,0x00000000cad88578,0x00000000d3a00000)
 Metaspace       used 6698K, capacity 7350K, committed 7552K, reserved 1056768K
  class space    used 610K, capacity 622K, committed 640K, reserved 1048576K
}
Event: 5.093 GC heap before
{Heap before GC invocations=11 (full 1):
 PSYoungGen      total 247808K, used 184407K [0x00000000eab00000, 0x0000000100000000, 0x0000000100000000)
  eden space 146432K, 100% used [0x00000000eab00000,0x00000000f3a00000,0x00000000f3a00000)
  from space 101376K, 37% used [0x00000000f3a00000,0x00000000f5f15f70,0x00000000f9d00000)
  to   space 96256K, 0% used [0x00000000fa200000,0x00000000fa200000,0x0000000100000000)
 ParOldGen       total 321536K, used 177697K [0x00000000c0000000, 0x00000000d3a00000, 0x00000000eab00000)
  object space 321536K, 55% used [0x00000000c0000000,0x00000000cad88578,0x00000000d3a00000)
 Metaspace       used 6711K, capacity 7350K, committed 7552K, reserved 1056768K
  class space    used 610K, capacity 622K, committed 640K, reserved 1048576K
Event: 5.129 GC heap after
Heap after GC invocations=11 (full 1):
 PSYoungGen      total 242688K, used 57546K [0x00000000eab00000, 0x00000000ffb00000, 0x0000000100000000)
  eden space 151552K, 0% used [0x00000000eab00000,0x00000000eab00000,0x00000000f3f00000)
  from space 91136K, 63% used [0x00000000fa200000,0x00000000fda329b8,0x00000000ffb00000)
  to   space 96256K, 0% used [0x00000000f3f00000,0x00000000f3f00000,0x00000000f9d00000)
 ParOldGen       total 321536K, used 177697K [0x00000000c0000000, 0x00000000d3a00000, 0x00000000eab00000)
  object space 321536K, 55% used [0x00000000c0000000,0x00000000cad88578,0x00000000d3a00000)
 Metaspace       used 6711K, capacity 7350K, committed 7552K, reserved 1056768K
  class space    used 610K, capacity 622K, committed 640K, reserved 1048576K
}
Event: 5.381 GC heap before
{Heap before GC invocations=12 (full 1):
 PSYoungGen      total 242688K, used 209098K [0x00000000eab00000, 0x00000000ffb00000, 0x0000000100000000)
  eden space 151552K, 100% used [0x00000000eab00000,0x00000000f3f00000,0x00000000f3f00000)
  from space 91136K, 63% used [0x00000000fa200000,0x00000000fda329b8,0x00000000ffb00000)
  to   space 96256K, 0% used [0x00000000f3f00000,0x00000000f3f00000,0x00000000f9d00000)
 ParOldGen       total 321536K, used 177697K [0x00000000c0000000, 0x00000000d3a00000, 0x00000000eab00000)
  object space 321536K, 55% used [0x00000000c0000000,0x00000000cad88578,0x00000000d3a00000)
 Metaspace       used 6716K, capacity 7350K, committed 7552K, reserved 1056768K
  class space    used 610K, capacity 622K, committed 640K, reserved 1048576K
Event: 5.458 GC heap after
Heap after GC invocations=12 (full 1):
 PSYoungGen      total 230400K, used 78765K [0x00000000eab00000, 0x0000000100000000, 0x0000000100000000)
  eden space 151552K, 0% used [0x00000000eab00000,0x00000000eab00000,0x00000000f3f00000)
  from space 78848K, 99% used [0x00000000f3f00000,0x00000000f8beb4f0,0x00000000f8c00000)
  to   space 103424K, 0% used [0x00000000f9b00000,0x00000000f9b00000,0x0000000100000000)
 ParOldGen       total 321536K, used 177697K [0x00000000c0000000, 0x00000000d3a00000, 0x00000000eab00000)
  object space 321536K, 55% used [0x00000000c0000000,0x00000000cad88578,0x00000000d3a00000)
 Metaspace       used 6716K, capacity 7350K, committed 7552K, reserved 1056768K
  class space    used 610K, capacity 622K, committed 640K, reserved 1048576K
}
Event: 5.668 GC heap before
{Heap before GC invocations=13 (full 1):
 PSYoungGen      total 230400K, used 230317K [0x00000000eab00000, 0x0000000100000000, 0x0000000100000000)
  eden space 151552K, 100% used [0x00000000eab00000,0x00000000f3f00000,0x00000000f3f00000)
  from space 78848K, 99% used [0x00000000f3f00000,0x00000000f8beb4f0,0x00000000f8c00000)
  to   space 103424K, 0% used [0x00000000f9b00000,0x00000000f9b00000,0x0000000100000000)
 ParOldGen       total 321536K, used 177697K [0x00000000c0000000, 0x00000000d3a00000, 0x00000000eab00000)
  object space 321536K, 55% used [0x00000000c0000000,0x00000000cad88578,0x00000000d3a00000)
 Metaspace       used 6719K, capacity 7350K, committed 7552K, reserved 1056768K
  class space    used 610K, capacity 622K, committed 640K, reserved 1048576K
Event: 5.728 GC heap after
Heap after GC invocations=13 (full 1):
 PSYoungGen      total 220160K, used 100384K [0x00000000eab00000, 0x0000000100000000, 0x0000000100000000)
  eden space 116736K, 0% used [0x00000000eab00000,0x00000000eab00000,0x00000000f1d00000)
  from space 103424K, 97% used [0x00000000f9b00000,0x00000000ffd08388,0x0000000100000000)
  to   space 116224K, 0% used [0x00000000f1d00000,0x00000000f1d00000,0x00000000f8e80000)
 ParOldGen       total 321536K, used 177697K [0x00000000c0000000, 0x00000000d3a00000, 0x00000000eab00000)
  object space 321536K, 55% used [0x00000000c0000000,0x00000000cad88578,0x00000000d3a00000)
 Metaspace       used 6719K, capacity 7350K, committed 7552K, reserved 1056768K
  class space    used 610K, capacity 622K, committed 640K, reserved 1048576K
}

