# JRE version: OpenJDK Runtime Environment (8.0) (build 1.8.0-25-microsoft-b00)
# Java VM: OpenJDK 64-Bit Server VM (25.71-b00 mixed mode windows-amd64 compressed oops)
Heap:
 PSYoungGen      total 32256K, used 5920K [0x000000076b380000, 0x000000076e100000, 0x00000007c0000000)
  eden space 17920K, 0% used [0x000000076b380000,0x000000076b380000,0x000000076c500000)
  from space 14336K, 41% used [0x000000076c500000,0x000000076cac8010,0x000000076d300000)
  to   space 13824K, 0% used [0x000000076d380000,0x000000076d380000,0x000000076e100000)
 ParOldGen       total 30720K, used 29836K [0x00000006c1a00000, 0x00000006c3800000, 0x000000076b380000)
  object space 30720K, 97% used [0x00000006c1a00000,0x00000006c3723078,0x00000006c3800000)
 Metaspace       used 10094K, capacity 10464K, committed 10624K, reserved 1058816K
  class space    used 1004K, capacity 1044K, committed 1152K, reserved 1048576K
GC Heap History (10 events):
Event: 1.835 GC heap after
Heap after GC invocations=16 (full 3):
 PSYoungGen      total 25600K, used 5548K [0x000000076b380000, 0x000000076d880000, 0x00000007c0000000)
  eden space 16896K, 0% used [0x000000076b380000,0x000000076b380000,0x000000076c400000)
  from space 8704K, 63% used [0x000000076c400000,0x000000076c96b1f0,0x000000076cc80000)
  to   space 9216K, 0% used [0x000000076cf80000,0x000000076cf80000,0x000000076d880000)
 ParOldGen       total 27136K, used 21480K [0x00000006c1a00000, 0x00000006c3480000, 0x000000076b380000)
  object space 27136K, 79% used [0x00000006c1a00000,0x00000006c2efa3a0,0x00000006c3480000)
 Metaspace       used 8175K, capacity 8916K, committed 9216K, reserved 1056768K
  class space    used 892K, capacity 912K, committed 1024K, reserved 1048576K
}
Event: 3.012 GC heap before
{Heap before GC invocations=17 (full 3):
 PSYoungGen      total 25600K, used 22444K [0x000000076b380000, 0x000000076d880000, 0x00000007c0000000)
  eden space 16896K, 100% used [0x000000076b380000,0x000000076c400000,0x000000076c400000)
  from space 8704K, 63% used [0x000000076c400000,0x000000076c96b1f0,0x000000076cc80000)
  to   space 9216K, 0% used [0x000000076cf80000,0x000000076cf80000,0x000000076d880000)
 ParOldGen       total 27136K, used 21480K [0x00000006c1a00000, 0x00000006c3480000, 0x000000076b380000)
  object space 27136K, 79% used [0x00000006c1a00000,0x00000006c2efa3a0,0x00000006c3480000)
 Metaspace       used 9617K, capacity 10080K, committed 10368K, reserved 1058816K
  class space    used 1004K, capacity 1044K, committed 1152K, reserved 1048576K
Event: 3.023 GC heap after
Heap after GC invocations=17 (full 3):
 PSYoungGen      total 27648K, used 8078K [0x000000076b380000, 0x000000076da00000, 0x00000007c0000000)
  eden space 18432K, 0% used [0x000000076b380000,0x000000076b380000,0x000000076c580000)
  from space 9216K, 87% used [0x000000076cf80000,0x000000076d763b70,0x000000076d880000)
  to   space 10240K, 0% used [0x000000076c580000,0x000000076c580000,0x000000076cf80000)
 ParOldGen       total 27136K, used 21480K [0x00000006c1a00000, 0x00000006c3480000, 0x000000076b380000)
  object space 27136K, 79% used [0x00000006c1a00000,0x00000006c2efa3a0,0x00000006c3480000)
 Metaspace       used 9617K, capacity 10080K, committed 10368K, reserved 1058816K
  class space    used 1004K, capacity 1044K, committed 1152K, reserved 1048576K
}
Event: 4.037 GC heap before
{Heap before GC invocations=18 (full 3):
 PSYoungGen      total 27648K, used 26510K [0x000000076b380000, 0x000000076da00000, 0x00000007c0000000)
  eden space 18432K, 100% used [0x000000076b380000,0x000000076c580000,0x000000076c580000)
  from space 9216K, 87% used [0x000000076cf80000,0x000000076d763b70,0x000000076d880000)
  to   space 10240K, 0% used [0x000000076c580000,0x000000076c580000,0x000000076cf80000)
 ParOldGen       total 27136K, used 21480K [0x00000006c1a00000, 0x00000006c3480000, 0x000000076b380000)
  object space 27136K, 79% used [0x00000006c1a00000,0x00000006c2efa3a0,0x00000006c3480000)
 Metaspace       used 9931K, capacity 10336K, committed 10624K, reserved 1058816K
  class space    used 1004K, capacity 1044K, committed 1152K, reserved 1048576K
Event: 4.043 GC heap after
Heap after GC invocations=18 (full 3):
 PSYoungGen      total 28672K, used 10227K [0x000000076b380000, 0x000000076de80000, 0x00000007c0000000)
  eden space 18432K, 0% used [0x000000076b380000,0x000000076b380000,0x000000076c580000)
  from space 10240K, 99% used [0x000000076c580000,0x000000076cf7cfe0,0x000000076cf80000)
  to   space 11776K, 0% used [0x000000076d300000,0x000000076d300000,0x000000076de80000)
 ParOldGen       total 27136K, used 21488K [0x00000006c1a00000, 0x00000006c3480000, 0x000000076b380000)
  object space 27136K, 79% used [0x00000006c1a00000,0x00000006c2efc3a0,0x00000006c3480000)
 Metaspace       used 9931K, capacity 10336K, committed 10624K, reserved 1058816K
  class space    used 1004K, capacity 1044K, committed 1152K, reserved 1048576K
}
Event: 4.501 GC heap before
{Heap before GC invocations=19 (full 3):
 PSYoungGen      total 28672K, used 28659K [0x000000076b380000, 0x000000076de80000, 0x00000007c0000000)
  eden space 18432K, 100% used [0x000000076b380000,0x000000076c580000,0x000000076c580000)
  from space 10240K, 99% used [0x000000076c580000,0x000000076cf7cfe0,0x000000076cf80000)
  to   space 11776K, 0% used [0x000000076d300000,0x000000076d300000,0x000000076de80000)
 ParOldGen       total 27136K, used 21488K [0x00000006c1a00000, 0x00000006c3480000, 0x000000076b380000)
  object space 27136K, 79% used [0x00000006c1a00000,0x00000006c2efc3a0,0x00000006c3480000)
 Metaspace       used 10003K, capacity 10400K, committed 10624K, reserved 1058816K
  class space    used 1004K, capacity 1044K, committed 1152K, reserved 1048576K
Event: 4.512 GC heap after
Heap after GC invocations=19 (full 3):
 PSYoungGen      total 29696K, used 11758K [0x000000076b380000, 0x000000076e380000, 0x00000007c0000000)
  eden space 17920K, 0% used [0x000000076b380000,0x000000076b380000,0x000000076c500000)
  from space 11776K, 99% used [0x000000076d300000,0x000000076de7b808,0x000000076de80000)
  to   space 14336K, 0% used [0x000000076c500000,0x000000076c500000,0x000000076d300000)
 ParOldGen       total 27136K, used 22056K [0x00000006c1a00000, 0x00000006c3480000, 0x000000076b380000)
  object space 27136K, 81% used [0x00000006c1a00000,0x00000006c2f8a3a0,0x00000006c3480000)
 Metaspace       used 10003K, capacity 10400K, committed 10624K, reserved 1058816K
  class space    used 1004K, capacity 1044K, committed 1152K, reserved 1048576K
}
Event: 5.064 GC heap before
{Heap before GC invocations=20 (full 3):
 PSYoungGen      total 29696K, used 29678K [0x000000076b380000, 0x000000076e380000, 0x00000007c0000000)
  eden space 17920K, 100% used [0x000000076b380000,0x000000076c500000,0x000000076c500000)
  from space 11776K, 99% used [0x000000076d300000,0x000000076de7b808,0x000000076de80000)
  to   space 14336K, 0% used [0x000000076c500000,0x000000076c500000,0x000000076d300000)
 ParOldGen       total 27136K, used 22056K [0x00000006c1a00000, 0x00000006c3480000, 0x000000076b380000)
  object space 27136K, 81% used [0x00000006c1a00000,0x00000006c2f8a3a0,0x00000006c3480000)
 Metaspace       used 10094K, capacity 10464K, committed 10624K, reserved 1058816K
  class space    used 1004K, capacity 1044K, committed 1152K, reserved 1048576K
Event: 5.077 GC heap after
Heap after GC invocations=20 (full 3):
 PSYoungGen      total 32256K, used 5920K [0x000000076b380000, 0x000000076e100000, 0x00000007c0000000)
  eden space 17920K, 0% used [0x000000076b380000,0x000000076b380000,0x000000076c500000)
  from space 14336K, 41% used [0x000000076c500000,0x000000076cac8010,0x000000076d300000)
  to   space 13824K, 0% used [0x000000076d380000,0x000000076d380000,0x000000076e100000)
 ParOldGen       total 30720K, used 29836K [0x00000006c1a00000, 0x00000006c3800000, 0x000000076b380000)
  object space 30720K, 97% used [0x00000006c1a00000,0x00000006c3723078,0x00000006c3800000)
 Metaspace       used 10094K, capacity 10464K, committed 10624K, reserved 1058816K
  class space    used 1004K, capacity 1044K, committed 1152K, reserved 1048576K
}
Event: 5.077 GC heap before
{Heap before GC invocations=21 (full 4):
 PSYoungGen      total 32256K, used 5920K [0x000000076b380000, 0x000000076e100000, 0x00000007c0000000)
  eden space 17920K, 0% used [0x000000076b380000,0x000000076b380000,0x000000076c500000)
  from space 14336K, 41% used [0x000000076c500000,0x000000076cac8010,0x000000076d300000)
  to   space 13824K, 0% used [0x000000076d380000,0x000000076d380000,0x000000076e100000)
 ParOldGen       total 30720K, used 29836K [0x00000006c1a00000, 0x00000006c3800000, 0x000000076b380000)
  object space 30720K, 97% used [0x00000006c1a00000,0x00000006c3723078,0x00000006c3800000)
 Metaspace       used 10094K, capacity 10464K, committed 10624K, reserved 1058816K
  class space    used 1004K, capacity 1044K, committed 1152K, reserved 1048576K

